<table>
  <tr class = "header headerLastRow">
    <th style = "text-align: right;">Col. 1</th>
    <th style = "text-align: right;">Col. 2</th>
  </tr>
  <tr>
    <td style = "text-align: right;">1</td>
    <td style = "text-align: right;">false</td>
  </tr>
  <tr>
    <td style = "text-align: right;">2</td>
    <td style = "text-align: right;">true</td>
  </tr>
  <tr>
    <td style = "text-align: right;">3</td>
    <td style = "text-align: right;">false</td>
  </tr>
  <tr>
    <td style = "text-align: right;">4</td>
    <td style = "text-align: right;">true</td>
  </tr>
  <tr>
    <td style = "text-align: right;">5</td>
    <td style = "text-align: right;">false</td>
  </tr>
  <tr>
    <td style = "text-align: right;">6</td>
    <td style = "text-align: right;">true</td>
  </tr>
</table>
